Array
(
    [resume] => Array
        (
            [name] => profile.png
            [full_path] => profile.png
            [type] => image/png
            [tmp_name] => /tmp/php396SZf
            [error] => 0
            [size] => 99842
        )

    [jobDescription] => Array
        (
            [name] => job.png
            [full_path] => job.png
            [type] => image/png
            [tmp_name] => /tmp/phprtv52h
            [error] => 0
            [size] => 137879
        )

)

Array
(
)

Array
(
    [resume] => Array
        (
            [name] => 2profile.png
            [full_path] => 2profile.png
            [type] => image/png
            [tmp_name] => /tmp/phpmcYsOz
            [error] => 0
            [size] => 99842
        )

    [jobDescription] => Array
        (
            [name] => 2jobtest.png
            [full_path] => 2jobtest.png
            [type] => image/png
            [tmp_name] => /tmp/phpJT6cO1
            [error] => 0
            [size] => 130655
        )

)

Array
(
)

Array
(
    [resume] => Array
        (
            [name] => 2profile.png
            [full_path] => 2profile.png
            [type] => image/png
            [tmp_name] => /tmp/php3on4Ax
            [error] => 0
            [size] => 99842
        )

    [jobDescription] => Array
        (
            [name] => 2jobtest.png
            [full_path] => 2jobtest.png
            [type] => image/png
            [tmp_name] => /tmp/phpSBS2xD
            [error] => 0
            [size] => 130655
        )

)

Array
(
)

Array
(
    [resume] => Array
        (
            [name] => profilexyz.png
            [full_path] => profilexyz.png
            [type] => image/png
            [tmp_name] => /tmp/phpJmvNKD
            [error] => 0
            [size] => 99842
        )

    [jobDescription] => Array
        (
            [name] => jobxyz.png
            [full_path] => jobxyz.png
            [type] => image/png
            [tmp_name] => /tmp/phpK4iHQQ
            [error] => 0
            [size] => 137879
        )

)

Array
(
)

